<?xml version="1.0" encoding="UTF-8"?>
<!-- Generated by org.testng.reporters.JUnitReportReporter -->
<testsuite hostname="DESKTOP-D9VATQP" failures="0" tests="3" name="com.apw.testCases.VerificationOfHeader" time="0.134" errors="0" timestamp="2021-12-16T00:30:54 IST" skipped="0">
  <testcase classname="com.apw.testCases.VerificationOfHeader" name="homePageHeaderLogoVerification" time="0.076"/>
  <system-out/>
  <testcase classname="com.apw.testCases.VerificationOfHeader" name="homePageTitleVerification" time="0.006"/>
  <system-out/>
  <testcase classname="com.apw.testCases.VerificationOfHeader" name="homePageSignInBtnVerification" time="0.052"/>
  <system-out/>
</testsuite> <!-- com.apw.testCases.VerificationOfHeader -->
