<?xml version="1.0" encoding="UTF-8"?>
<!-- Generated by org.testng.reporters.JUnitReportReporter -->
<testsuite hostname="DESKTOP-D9VATQP" failures="0" tests="4" name="com.apw.testCases.NavigateToMultiplePages" time="12.004" errors="0" timestamp="2021-12-31T22:49:24 IST" skipped="0">
  <testcase classname="com.apw.testCases.NavigateToMultiplePages" name="navigateToWomenPage" time="3.228"/>
  <system-out/>
  <testcase classname="com.apw.testCases.NavigateToMultiplePages" name="navigateToDressesPage" time="2.585"/>
  <system-out/>
  <testcase classname="com.apw.testCases.NavigateToMultiplePages" name="navigateToTshirtPage" time="2.169"/>
  <system-out/>
  <testcase classname="com.apw.testCases.NavigateToMultiplePages" name="navigateToHomePage" time="4.022"/>
  <system-out/>
</testsuite> <!-- com.apw.testCases.NavigateToMultiplePages -->
