<?xml version="1.0" encoding="UTF-8"?>
<!-- Generated by org.testng.reporters.JUnitReportReporter -->
<testsuite hostname="DESKTOP-D9VATQP" failures="0" tests="5" name="com.apw.testCases.VerificationOfHeaderAndFooter" time="0.230" errors="0" timestamp="2021-12-31T22:49:24 IST" skipped="0">
  <testcase classname="com.apw.testCases.VerificationOfHeaderAndFooter" name="homePageTitleVerification" time="0.017"/>
  <system-out/>
  <testcase classname="com.apw.testCases.VerificationOfHeaderAndFooter" name="homePageSignInBtnVerification" time="0.069"/>
  <system-out/>
  <testcase classname="com.apw.testCases.VerificationOfHeaderAndFooter" name="homePageHeaderLogoVerification" time="0.053"/>
  <system-out/>
  <testcase classname="com.apw.testCases.VerificationOfHeaderAndFooter" name="homePageNewsLetterTextVerification" time="0.048"/>
  <system-out/>
  <testcase classname="com.apw.testCases.VerificationOfHeaderAndFooter" name="homePageTwitterLogoVerification" time="0.043"/>
  <system-out/>
</testsuite> <!-- com.apw.testCases.VerificationOfHeaderAndFooter -->
