<?xml version="1.0" encoding="UTF-8"?>
<!-- Generated by org.testng.reporters.JUnitReportReporter -->
<testsuite hostname="DESKTOP-D9VATQP" failures="0" tests="1" name="com.apw.testCases.HomePageVerificationOfHeaderAndFooter" time="0.047" errors="0" timestamp="2021-12-15T22:30:19 IST" skipped="0">
  <testcase classname="com.apw.testCases.HomePageVerificationOfHeaderAndFooter" name="verificationOfHeaderAndFooter" time="0.047"/>
  <system-out/>
</testsuite> <!-- com.apw.testCases.HomePageVerificationOfHeaderAndFooter -->
