<?xml version="1.0" encoding="UTF-8"?>
<!-- Generated by org.testng.reporters.JUnitReportReporter -->
<testsuite hostname="DESKTOP-D9VATQP" failures="0" tests="2" name="com.apw.testCases.VerificationOfFooter" time="0.079" errors="0" timestamp="2021-12-16T00:30:54 IST" skipped="0">
  <testcase classname="com.apw.testCases.VerificationOfFooter" name="homePageTwitterLogoVerification" time="0.032"/>
  <system-out/>
  <testcase classname="com.apw.testCases.VerificationOfFooter" name="homePageNewsLetterTextVerification" time="0.047"/>
  <system-out/>
</testsuite> <!-- com.apw.testCases.VerificationOfFooter -->
