<?xml version="1.0" encoding="UTF-8"?>
<!-- Generated by org.testng.reporters.JUnitReportReporter -->
<testsuite hostname="DESKTOP-D9VATQP" failures="0" tests="1" name="com.apw.testCases.CheckoutJourney" time="27.808" errors="0" timestamp="2021-12-31T22:49:24 IST" skipped="0">
  <testcase classname="com.apw.testCases.CheckoutJourney" name="checkoutJourney" time="27.808"/>
  <system-out/>
</testsuite> <!-- com.apw.testCases.CheckoutJourney -->
