<?xml version="1.0" encoding="UTF-8"?>
<!-- Generated by org.testng.reporters.JUnitReportReporter -->
<testsuite hostname="DESKTOP-D9VATQP" failures="0" tests="1" name="com.iba.testCases.TC_LoginTest_001" time="1.447" errors="0" timestamp="2021-12-15T14:30:23 IST" skipped="0">
  <testcase classname="com.iba.testCases.TC_LoginTest_001" name="loginTest" time="1.447"/>
  <system-out/>
</testsuite> <!-- com.iba.testCases.TC_LoginTest_001 -->
